<?xml version="1.0" encoding="UTF-8"?>
<testng-results ignored="0" total="1" passed="1" failed="0" skipped="0">
  <reporter-output>
  </reporter-output>
  <suite started-at="2024-12-17T19:50:12 IST" name="Default suite" finished-at="2024-12-17T19:50:39 IST" duration-ms="26761">
    <groups>
      <group name="cucumber">
        <method signature="AbstractTestNGCucumberTests.runScenario(io.cucumber.testng.PickleWrapper,io.cucumber.testng.FeatureWrapper)[pri:0, instance:cucumberTestRunner.TestRunner@72a7c7e0]" name="runScenario" class="io.cucumber.testng.AbstractTestNGCucumberTests"/>
      </group> <!-- cucumber -->
    </groups>
    <test started-at="2024-12-17T19:50:12 IST" name="Default test" finished-at="2024-12-17T19:50:39 IST" duration-ms="26761">
      <class name="cucumberTestRunner.TestRunner">
        <test-method is-config="true" signature="setUpClass(org.testng.ITestContext)[pri:0, instance:cucumberTestRunner.TestRunner@72a7c7e0]" started-at="2024-12-17T19:50:12 IST" name="setUpClass" finished-at="2024-12-17T19:50:13 IST" duration-ms="272" status="PASS">
          <params>
            <param index="0">
              <value>
                <![CDATA[org.testng.TestRunner@216e0771]]>
              </value>
            </param>
          </params>
          <reporter-output>
          </reporter-output>
        </test-method> <!-- setUpClass -->
        <test-method signature="runScenario(io.cucumber.testng.PickleWrapper,io.cucumber.testng.FeatureWrapper)[pri:0, instance:cucumberTestRunner.TestRunner@72a7c7e0]" started-at="2024-12-17T19:50:13 IST" name="runScenario" description="Runs Cucumber Scenarios" data-provider="scenarios" finished-at="2024-12-17T19:50:39 IST" duration-ms="26260" status="PASS">
          <params>
            <param index="0">
              <value>
                <![CDATA["As a user I want to create an account and login"]]>
              </value>
            </param>
            <param index="1">
              <value>
                <![CDATA["Account creation and login"]]>
              </value>
            </param>
          </params>
          <reporter-output>
          </reporter-output>
        </test-method> <!-- runScenario -->
        <test-method is-config="true" signature="tearDownClass()[pri:0, instance:cucumberTestRunner.TestRunner@72a7c7e0]" started-at="2024-12-17T19:50:39 IST" name="tearDownClass" finished-at="2024-12-17T19:50:39 IST" duration-ms="210" status="PASS">
          <reporter-output>
          </reporter-output>
        </test-method> <!-- tearDownClass -->
      </class> <!-- cucumberTestRunner.TestRunner -->
    </test> <!-- Default test -->
  </suite> <!-- Default suite -->
</testng-results>
